Build started 03-Jan-17 3:43:21 AM.
Project "C:\Users\nadaa\Desktop\Projects\Visualization-of-Temperature-Flow\TemperatureFlowC++\TemperatureFlowC++.vcxproj" on node 2 (Rebuild target(s)).
ClCompile:
  C:\Program Files (x86)\Microsoft Visual Studio 12.0\VC\bin\CL.exe /c /Zi /nologo /W3 /WX- /sdl /MP /O2 /Oi /Oy- /GL /D WIN32 /D NDEBUG /D _WINDOWS /D _USRDLL /D TEMPERATUREFLOWC_EXPORTS /D _WINDLL /D _UNICODE /D UNICODE /Gm- /EHsc /MD /GS /Gy /fp:precise /Zc:wchar_t /Zc:forScope /openmp /Yc"stdafx.h" /Fp"Release\TemperatureFlowC++.pch" /Fo"Release\\" /Fd"Release\vc120.pdb" /Gd /TP /analyze- /errorReport:prompt stdafx.cpp
  stdafx.cpp
  C:\Program Files (x86)\Microsoft Visual Studio 12.0\VC\bin\CL.exe /c /Zi /nologo /W3 /WX- /sdl /MP /O2 /Oi /Oy- /GL /D WIN32 /D NDEBUG /D _WINDOWS /D _USRDLL /D TEMPERATUREFLOWC_EXPORTS /D _WINDLL /D _UNICODE /D UNICODE /Gm- /EHsc /MD /GS /Gy /fp:precise /Zc:wchar_t /Zc:forScope /openmp /Fo"Release\\" /Fd"Release\vc120.pdb" /Gd /TP /analyze- /errorReport:prompt dllmain.cpp
  dllmain.cpp
  C:\Program Files (x86)\Microsoft Visual Studio 12.0\VC\bin\CL.exe /c /Zi /nologo /W3 /WX- /sdl /MP /O2 /Oi /Oy- /GL /D WIN32 /D NDEBUG /D _WINDOWS /D _USRDLL /D TEMPERATUREFLOWC_EXPORTS /D _WINDLL /D _UNICODE /D UNICODE /Gm- /EHsc /MD /GS /Gy /fp:precise /Zc:wchar_t /Zc:forScope /openmp /Yu"stdafx.h" /Fp"Release\TemperatureFlowC++.pch" /Fo"Release\\" /Fd"Release\vc120.pdb" /Gd /TP /analyze- /errorReport:prompt TemperatureFlowC++.cpp
  TemperatureFlowC++.cpp
Link:
  C:\Program Files (x86)\Microsoft Visual Studio 12.0\VC\bin\link.exe /ERRORREPORT:PROMPT /OUT:"C:\Users\nadaa\Desktop\Projects\Visualization-of-Temperature-Flow\Release\TemperatureFlowC++.dll" /INCREMENTAL:NO /NOLOGO kernel32.lib user32.lib gdi32.lib winspool.lib comdlg32.lib advapi32.lib shell32.lib ole32.lib oleaut32.lib uuid.lib odbc32.lib odbccp32.lib /MANIFEST /MANIFESTUAC:"level='asInvoker' uiAccess='false'" /manifest:embed /DEBUG /PDB:"C:\Users\nadaa\Desktop\Projects\Visualization-of-Temperature-Flow\Release\TemperatureFlowC++.pdb" /SUBSYSTEM:WINDOWS /OPT:REF /OPT:ICF /LTCG /TLBID:1 /DYNAMICBASE /NXCOMPAT /IMPLIB:"C:\Users\nadaa\Desktop\Projects\Visualization-of-Temperature-Flow\Release\TemperatureFlowC++.lib" /MACHINE:X86 /SAFESEH /DLL Release\dllmain.obj
  Release\stdafx.obj
  Release\TemperatureFlowC++.obj
     Creating library C:\Users\nadaa\Desktop\Projects\Visualization-of-Temperature-Flow\Release\TemperatureFlowC++.lib and object C:\Users\nadaa\Desktop\Projects\Visualization-of-Temperature-Flow\Release\TemperatureFlowC++.exp
  Generating code
  Finished generating code
  TemperatureFlowC++.vcxproj -> C:\Users\nadaa\Desktop\Projects\Visualization-of-Temperature-Flow\Release\TemperatureFlowC++.dll
Done Building Project "C:\Users\nadaa\Desktop\Projects\Visualization-of-Temperature-Flow\TemperatureFlowC++\TemperatureFlowC++.vcxproj" (Rebuild target(s)).

Build succeeded.

Time Elapsed 00:00:10.70
