d:\visualization-of-temperature-flow-master\temperatureflowc++\release\temperatureflowc++.pch
d:\visualization-of-temperature-flow-master\temperatureflowc++\release\stdafx.obj
d:\visualization-of-temperature-flow-master\temperatureflowc++\release\vc110.pdb
d:\visualization-of-temperature-flow-master\temperatureflowc++\release\dllmain.obj
d:\visualization-of-temperature-flow-master\temperatureflowc++\release\temperatureflowc++.obj
d:\visualization-of-temperature-flow-master\release\temperatureflowc++.dll
d:\visualization-of-temperature-flow-master\release\temperatureflowc++.pdb
d:\visualization-of-temperature-flow-master\release\temperatureflowc++.lib
d:\visualization-of-temperature-flow-master\release\temperatureflowc++.exp
c:\users\nadaa\desktop\projects\visualization-of-temperature-flow\temperatureflowc++\release\dllmain.obj
c:\users\nadaa\desktop\projects\visualization-of-temperature-flow\temperatureflowc++\release\stdafx.obj
c:\users\nadaa\desktop\projects\visualization-of-temperature-flow\temperatureflowc++\release\temperatureflowc++.obj
c:\users\nadaa\desktop\projects\visualization-of-temperature-flow\temperatureflowc++\release\cl.command.1.tlog
c:\users\nadaa\desktop\projects\visualization-of-temperature-flow\temperatureflowc++\release\cl.read.1.tlog
c:\users\nadaa\desktop\projects\visualization-of-temperature-flow\temperatureflowc++\release\cl.write.1.tlog
c:\users\nadaa\desktop\projects\visualization-of-temperature-flow\temperatureflowc++\release\link-cvtres.read.1.tlog
c:\users\nadaa\desktop\projects\visualization-of-temperature-flow\temperatureflowc++\release\link-cvtres.write.1.tlog
c:\users\nadaa\desktop\projects\visualization-of-temperature-flow\temperatureflowc++\release\link-rc.read.1.tlog
c:\users\nadaa\desktop\projects\visualization-of-temperature-flow\temperatureflowc++\release\link-rc.write.1.tlog
c:\users\nadaa\desktop\projects\visualization-of-temperature-flow\temperatureflowc++\release\link.command.1.tlog
c:\users\nadaa\desktop\projects\visualization-of-temperature-flow\temperatureflowc++\release\link.read.1.tlog
c:\users\nadaa\desktop\projects\visualization-of-temperature-flow\temperatureflowc++\release\link.write.1.tlog
c:\users\nadaa\desktop\projects\visualization-of-temperature-flow\temperatureflowc++\release\temperatureflowc++.write.1.tlog
c:\users\nadaa\desktop\projects\visualization-of-temperature-flow\temperatureflowc++\release\temperatureflowc++.pch
c:\users\nadaa\desktop\projects\visualization-of-temperature-flow\temperatureflowc++\release\vc110.pdb
c:\users\nadaa\desktop\projects\visualization-of-temperature-flow\release\temperatureflowc++.pdb
c:\users\nadaa\desktop\projects\visualization-of-temperature-flow\release\temperatureflowc++.dll
