D:\VISUALIZATION-OF-TEMPERATURE-FLOW-MASTER\TEMPERATUREFLOWC++\DEBUG\TEMPERATUREFLOWC++.PCH
D:\VISUALIZATION-OF-TEMPERATURE-FLOW-MASTER\TEMPERATUREFLOWC++\DEBUG\STDAFX.OBJ
D:\VISUALIZATION-OF-TEMPERATURE-FLOW-MASTER\TEMPERATUREFLOWC++\DEBUG\VC110.PDB
D:\VISUALIZATION-OF-TEMPERATURE-FLOW-MASTER\TEMPERATUREFLOWC++\DEBUG\DLLMAIN.OBJ
D:\VISUALIZATION-OF-TEMPERATURE-FLOW-MASTER\TEMPERATUREFLOWC++\DEBUG\TEMPERATUREFLOWC++.OBJ
D:\VISUALIZATION-OF-TEMPERATURE-FLOW-MASTER\DEBUG\TEMPERATUREFLOWC++.ILK
D:\VISUALIZATION-OF-TEMPERATURE-FLOW-MASTER\DEBUG\TEMPERATUREFLOWC++.DLL
D:\VISUALIZATION-OF-TEMPERATURE-FLOW-MASTER\DEBUG\TEMPERATUREFLOWC++.PDB
D:\Visualization-of-Temperature-Flow-master\Debug\TemperatureFlowC++.lib
D:\Visualization-of-Temperature-Flow-master\Debug\TemperatureFlowC++.exp
D:\Visualization-of-Temperature-Flow-master\TemperatureFlowC++\Debug\dllmain.obj
D:\Visualization-of-Temperature-Flow-master\TemperatureFlowC++\Debug\stdafx.obj
D:\Visualization-of-Temperature-Flow-master\TemperatureFlowC++\Debug\TemperatureFlowC++.obj
D:\Visualization-of-Temperature-Flow-master\TemperatureFlowC++\Debug\cl.command.1.tlog
D:\Visualization-of-Temperature-Flow-master\TemperatureFlowC++\Debug\CL.read.1.tlog
D:\Visualization-of-Temperature-Flow-master\TemperatureFlowC++\Debug\CL.write.1.tlog
D:\Visualization-of-Temperature-Flow-master\TemperatureFlowC++\Debug\link-cvtres.read.1.tlog
D:\Visualization-of-Temperature-Flow-master\TemperatureFlowC++\Debug\link-cvtres.write.1.tlog
D:\Visualization-of-Temperature-Flow-master\TemperatureFlowC++\Debug\link-rc.read.1.tlog
D:\Visualization-of-Temperature-Flow-master\TemperatureFlowC++\Debug\link-rc.write.1.tlog
D:\Visualization-of-Temperature-Flow-master\TemperatureFlowC++\Debug\link.command.1.tlog
D:\Visualization-of-Temperature-Flow-master\TemperatureFlowC++\Debug\link.read.1.tlog
D:\Visualization-of-Temperature-Flow-master\TemperatureFlowC++\Debug\link.write.1.tlog
D:\Visualization-of-Temperature-Flow-master\TemperatureFlowC++\Debug\TemperatureFlowC++.write.1.tlog
D:\Visualization-of-Temperature-Flow-master\TemperatureFlowC++\Debug\TemperatureFlowC++.pch
D:\Visualization-of-Temperature-Flow-master\TemperatureFlowC++\Debug\vc110.idb
D:\Visualization-of-Temperature-Flow-master\TemperatureFlowC++\Debug\vc110.pdb
D:\Visualization-of-Temperature-Flow-master\Debug\TemperatureFlowC++.pdb
D:\Visualization-of-Temperature-Flow-master\Debug\TemperatureFlowC++.dll
D:\Visualization-of-Temperature-Flow-master\Debug\TemperatureFlowC++.ilk
